[2019-03-28 16:20:26 INFO   ] Running... 
2019-03-31 19:49:59,770 743  [main] INFO  life.expert.algo.research.base.App - Running...
2019-04-26 20:36:59,468 819  [main] INFO  life.expert.algo.research.base.App - Running...
2019-05-05 19:55:56,171 859  [main] INFO  life.expert.common.async.LogUtils - Running...
2019-05-05 19:55:56,283 971  [main] INFO  life.expert.common.async.LogUtils - Bye, bye...
2019-05-30 14:16:54,641 421  [main] INFO  life.expert.common.async.LogUtils - Running...
2019-05-30 14:16:54,751 531  [main] INFO  life.expert.common.async.LogUtils - Bye, bye...
2019-05-30 14:22:55,852 316  [main] INFO  life.expert.common.async.LogUtils - Running...
2019-05-30 14:22:55,960 424  [main] INFO  life.expert.common.async.LogUtils - Bye, bye...
2019-05-30 14:23:30,295 622  [main] INFO  life.expert.common.async.LogUtils - Running...
2019-05-30 14:23:30,402 729  [main] INFO  life.expert.common.async.LogUtils - Bye, bye...
2019-05-31 10:37:52,047 366  [main] DEBUG o.g.i.r.i.inet.TcpOutgoingConnector - Attempting to connect to [2e1a1287-75c5-4806-b242-4cceede8e9f3 port:50287, addresses:[/0:0:0:0:0:0:0:1, /127.0.0.1]].
2019-05-31 10:37:52,056 375  [main] DEBUG o.g.i.r.i.inet.TcpOutgoingConnector - Trying to connect to address /0:0:0:0:0:0:0:1.
2019-05-31 10:37:52,079 398  [main] DEBUG o.g.i.r.i.inet.TcpOutgoingConnector - Connected to address /0:0:0:0:0:0:0:1:50287.
2019-05-31 10:37:52,110 429  [main] DEBUG o.g.p.i.w.c.ActionExecutionWorker - Starting Gradle Test Executor 1.
2019-05-31 10:37:52,111 430  [main] INFO  o.g.a.i.t.testing.worker.TestWorker - Gradle Test Executor 1 started executing tests.
2019-05-31 10:37:52,167 486  [Test worker] DEBUG o.g.a.i.t.t.j.AbstractJUnitTestClassProcessor - Executing test class life.expert.algo.research.base.AppTest
2019-05-31 10:37:52,479 798  [main] INFO  o.g.a.i.t.testing.worker.TestWorker - Gradle Test Executor 1 finished executing tests.
2019-05-31 10:37:52,483 802  [main] DEBUG o.g.p.i.w.c.ActionExecutionWorker - Completed Gradle Test Executor 1.
2019-05-31 10:37:59,524 291  [main] INFO  life.expert.common.async.LogUtils - Running...
2019-05-31 10:37:59,631 398  [main] INFO  life.expert.common.async.LogUtils - Bye, bye...
